<?xml version="1.0" encoding="UTF-8"?>
<!-- Generated by org.testng.reporters.JUnitReportReporter -->
<testsuite hostname="Sharu" name="com.sfdc.scripts.SFDC_AccountVerification" tests="1" failures="0" timestamp="4 Nov 2014 07:18:48 GMT" time="180.764" errors="0">
  <testcase name="testSFDC_CreateAccount" time="180.764" classname="com.sfdc.scripts.SFDC_AccountVerification"/>
</testsuite> <!-- com.sfdc.scripts.SFDC_AccountVerification -->
